SF:lib/src/repository/articles_repository.dart
DA:7,1
DA:11,1
DA:12,3
DA:15,1
DA:16,3
DA:19,1
DA:20,3
LF:7
LH:7
end_of_record
SF:lib/src/source/data_source_factory.dart
DA:9,2
DA:17,1
DA:19,1
DA:21,1
DA:25,2
DA:27,2
LF:6
LH:6
end_of_record
SF:lib/src/source/local_data_source.dart
LF:0
LH:0
end_of_record
SF:lib/src/source/remote_data_source.dart
DA:10,1
DA:14,1
DA:15,3
DA:17,1
DA:18,3
DA:20,1
DA:21,3
DA:24,1
DA:26,1
DA:27,3
DA:28,1
LF:11
LH:11
end_of_record
SF:lib/src/di/injector.dart
DA:6,0
DA:8,0
LF:2
LH:0
end_of_record
SF:lib/src/mappers/articles_mapper.dart
DA:5,2
DA:6,1
DA:7,1
DA:8,1
DA:9,1
DA:10,1
DA:11,1
DA:12,7
LF:8
LH:8
end_of_record
