TN:
SF:lib/app.dart
FNF:0
FNH:0
DA:7,1
DA:9,1
DA:11,2
LF:3
LH:3
end_of_record
TN:
SF:lib/features/articles/articles_screen.dart
FNF:0
FNH:0
DA:11,5
DA:13,2
DA:14,2
DA:20,2
DA:22,2
DA:24,6
DA:27,2
DA:30,6
DA:31,4
DA:33,2
DA:35,2
DA:36,4
DA:38,2
DA:39,2
DA:40,2
DA:41,2
DA:47,2
DA:48,1
DA:50,1
DA:51,2
DA:53,1
DA:56,2
DA:57,1
DA:58,2
DA:59,1
DA:61,1
DA:62,1
DA:63,1
DA:64,1
DA:65,1
DA:66,1
DA:67,1
DA:68,1
DA:71,1
DA:72,1
DA:80,1
DA:87,1
DA:89,1
DA:90,1
DA:96,1
DA:97,1
DA:105,1
DA:106,3
DA:108,1
DA:110,2
DA:126,2
DA:128,2
DA:130,2
DA:132,2
LF:49
LH:49
end_of_record
TN:
SF:lib/features/articles/states/articles_cubit.dart
FNF:0
FNH:0
DA:10,2
DA:14,1
DA:16,1
DA:18,1
DA:21,1
DA:22,2
DA:24,1
DA:25,2
DA:27,1
DA:28,2
DA:32,2
DA:35,0
DA:36,0
LF:13
LH:11
end_of_record
TN:
SF:lib/features/articles/states/articles_state.dart
FNF:0
FNH:0
DA:6,8
DA:8,1
DA:9,1
DA:13,6
DA:17,5
DA:21,2
DA:25,1
DA:26,3
LF:8
LH:8
end_of_record
TN:
SF:lib/features/landing_screen/landing_screen.dart
FNF:0
FNH:0
DA:7,5
DA:9,2
DA:10,2
DA:12,2
DA:15,2
DA:17,2
DA:19,2
DA:20,2
DA:22,2
DA:24,2
DA:26,2
DA:28,2
DA:30,2
DA:37,1
DA:38,1
LF:15
LH:15
end_of_record
TN:
SF:lib/keys/articles/articles_screen_keys.dart
FNF:0
FNH:0
DA:10,1
DA:11,2
LF:2
LH:2
end_of_record
TN:
SF:lib/route.dart
FNF:0
FNH:0
DA:9,2
DA:10,2
DA:11,2
DA:12,1
DA:13,1
DA:14,1
DA:15,1
DA:17,1
DA:20,0
LF:9
LH:8
end_of_record
